2025-07-06 12:20:54,082 - INFO - CHAT_EVENT: {"event": "BOT_STARTUP", "user_id": 0, "chat_code": null, "timestamp": "2025-07-06T12:20:54.082337", "details": {"restored_sessions": 3, "active_chats": 2, "startup_time": "2025-07-06T12:20:54.082327"}}
2025-07-06 12:22:30,197 - INFO - CHAT_EVENT: {"event": "BOT_STARTUP", "user_id": 0, "chat_code": null, "timestamp": "2025-07-06T12:22:30.197736", "details": {"restored_sessions": 3, "active_chats": 2, "startup_time": "2025-07-06T12:22:30.197726"}}
2025-07-06 12:22:42,607 - INFO - CHAT_EVENT: {"event": "MESSAGE_SAVED", "user_id": 5153705295, "chat_code": "22655O", "timestamp": "2025-07-06T12:22:42.607777", "details": {"sender_role": "customer", "message_type": "text", "message_length": 1, "has_file": false, "file_size": null}}
2025-07-06 12:25:36,726 - INFO - CHAT_EVENT: {"event": "BOT_STARTUP", "user_id": 0, "chat_code": null, "timestamp": "2025-07-06T12:25:36.726370", "details": {"restored_sessions": 2, "active_chats": 2, "startup_time": "2025-07-06T12:25:36.726360"}}
2025-07-06 12:26:22,993 - INFO - CHAT_EVENT: {"event": "BOT_STARTUP", "user_id": 0, "chat_code": null, "timestamp": "2025-07-06T12:26:22.993061", "details": {"restored_sessions": 2, "active_chats": 2, "startup_time": "2025-07-06T12:26:22.993050"}}
2025-07-06 12:29:13,272 - INFO - CHAT_EVENT: {"event": "BOT_STARTUP", "user_id": 0, "chat_code": null, "timestamp": "2025-07-06T12:29:13.272638", "details": {"restored_sessions": 2, "active_chats": 2, "startup_time": "2025-07-06T12:29:13.272630"}}
2025-07-06 12:31:32,357 - INFO - CHAT_EVENT: {"event": "BOT_STARTUP", "user_id": 0, "chat_code": null, "timestamp": "2025-07-06T12:31:32.357448", "details": {"restored_sessions": 2, "active_chats": 2, "startup_time": "2025-07-06T12:31:32.357438"}}
2025-07-06 12:33:11,760 - INFO - CHAT_EVENT: {"event": "BOT_STARTUP", "user_id": 0, "chat_code": null, "timestamp": "2025-07-06T12:33:11.760537", "details": {"restored_sessions": 2, "active_chats": 2, "startup_time": "2025-07-06T12:33:11.760529"}}
2025-07-06 12:35:16,645 - INFO - CHAT_EVENT: {"event": "BOT_STARTUP", "user_id": 0, "chat_code": null, "timestamp": "2025-07-06T12:35:16.645432", "details": {"restored_sessions": 2, "active_chats": 2, "startup_time": "2025-07-06T12:35:16.645421"}}
2025-07-06 12:38:55,793 - INFO - CHAT_EVENT: {"event": "BOT_STARTUP", "user_id": 0, "chat_code": null, "timestamp": "2025-07-06T12:38:55.793644", "details": {"restored_sessions": 2, "active_chats": 2, "startup_time": "2025-07-06T12:38:55.793634"}}
2025-07-06 12:43:38,683 - INFO - CHAT_EVENT: {"event": "BOT_STARTUP", "user_id": 0, "chat_code": null, "timestamp": "2025-07-06T12:43:38.683248", "details": {"restored_sessions": 2, "active_chats": 2, "startup_time": "2025-07-06T12:43:38.683239"}}
2025-07-06 12:43:56,448 - INFO - CHAT_EVENT: {"event": "BOT_STARTUP", "user_id": 0, "chat_code": null, "timestamp": "2025-07-06T12:43:56.448352", "details": {"restored_sessions": 2, "active_chats": 2, "startup_time": "2025-07-06T12:43:56.448317"}}
2025-07-06 12:47:06,139 - INFO - CHAT_EVENT: {"event": "BOT_STARTUP", "user_id": 0, "chat_code": null, "timestamp": "2025-07-06T12:47:06.139465", "details": {"restored_sessions": 2, "active_chats": 2, "startup_time": "2025-07-06T12:47:06.139454"}}
2025-07-06 12:48:46,308 - INFO - CHAT_EVENT: {"event": "BOT_STARTUP", "user_id": 0, "chat_code": null, "timestamp": "2025-07-06T12:48:46.308433", "details": {"restored_sessions": 2, "active_chats": 2, "startup_time": "2025-07-06T12:48:46.308423"}}
2025-07-06 12:53:57,664 - INFO - CHAT_EVENT: {"event": "BOT_STARTUP", "user_id": 0, "chat_code": null, "timestamp": "2025-07-06T12:53:57.664873", "details": {"restored_sessions": 2, "active_chats": 2, "startup_time": "2025-07-06T12:53:57.664864"}}
2025-07-06 12:55:36,660 - INFO - CHAT_EVENT: {"event": "BOT_STARTUP", "user_id": 0, "chat_code": null, "timestamp": "2025-07-06T12:55:36.660817", "details": {"restored_sessions": 2, "active_chats": 2, "startup_time": "2025-07-06T12:55:36.660807"}}
2025-07-06 12:57:42,794 - INFO - CHAT_EVENT: {"event": "BOT_STARTUP", "user_id": 0, "chat_code": null, "timestamp": "2025-07-06T12:57:42.794246", "details": {"restored_sessions": 2, "active_chats": 2, "startup_time": "2025-07-06T12:57:42.794236"}}
2025-07-06 12:58:28,016 - INFO - CHAT_EVENT: {"event": "BOT_STARTUP", "user_id": 0, "chat_code": null, "timestamp": "2025-07-06T12:58:28.016882", "details": {"restored_sessions": 2, "active_chats": 2, "startup_time": "2025-07-06T12:58:28.016873"}}
2025-07-08 15:11:22,436 - INFO - CHAT_EVENT: {"event": "BOT_STARTUP", "user_id": 0, "chat_code": null, "timestamp": "2025-07-08T15:11:22.436501", "details": {"restored_sessions": 2, "active_chats": 2, "startup_time": "2025-07-08T15:11:22.436491"}}
2025-07-08 15:22:06,506 - INFO - CHAT_EVENT: {"event": "BOT_STARTUP", "user_id": 0, "chat_code": null, "timestamp": "2025-07-08T15:22:06.506405", "details": {"restored_sessions": 2, "active_chats": 2, "startup_time": "2025-07-08T15:22:06.506397"}}
2025-07-08 15:33:11,067 - INFO - CHAT_EVENT: {"event": "BOT_STARTUP", "user_id": 0, "chat_code": null, "timestamp": "2025-07-08T15:33:11.067158", "details": {"restored_sessions": 2, "active_chats": 2, "startup_time": "2025-07-08T15:33:11.067150"}}
2025-07-08 15:34:57,545 - INFO - CHAT_EVENT: {"event": "BOT_STARTUP", "user_id": 0, "chat_code": null, "timestamp": "2025-07-08T15:34:57.545057", "details": {"restored_sessions": 2, "active_chats": 2, "startup_time": "2025-07-08T15:34:57.545046"}}
2025-07-08 15:39:15,839 - INFO - CHAT_EVENT: {"event": "BOT_STARTUP", "user_id": 0, "chat_code": null, "timestamp": "2025-07-08T15:39:15.838987", "details": {"restored_sessions": 2, "active_chats": 2, "startup_time": "2025-07-08T15:39:15.838976"}}
2025-07-08 15:47:38,048 - INFO - CHAT_EVENT: {"event": "SESSION_SAVED", "user_id": 2031082040, "chat_code": "NU7YSO", "timestamp": "2025-07-08T15:47:38.048272", "details": {"action": "session_created", "success": true}}
2025-07-08 15:47:38,048 - INFO - CHAT_EVENT: {"event": "CHAT_INITIALIZED", "user_id": 2031082040, "chat_code": "NU7YSO", "timestamp": "2025-07-08T15:47:38.048793", "details": {"task_id": 12, "customer_id": 5153705295, "executor_id": 2031082040, "user_role": "executor"}}
2025-07-08 15:47:38,049 - INFO - CHAT_EVENT: {"event": "USER_JOINED_CHAT", "user_id": 2031082040, "chat_code": "NU7YSO", "timestamp": "2025-07-08T15:47:38.048988", "details": {"user_role": "executor", "participants_count": 1}}
2025-07-08 15:47:49,109 - INFO - CHAT_EVENT: {"event": "SESSION_SAVED", "user_id": 5153705295, "chat_code": "NU7YSO", "timestamp": "2025-07-08T15:47:49.109180", "details": {"action": "session_created", "success": true}}
2025-07-08 15:47:49,109 - INFO - CHAT_EVENT: {"event": "USER_JOINED_CHAT", "user_id": 5153705295, "chat_code": "NU7YSO", "timestamp": "2025-07-08T15:47:49.109544", "details": {"user_role": "customer", "participants_count": 2}}
2025-07-08 15:47:52,581 - INFO - CHAT_EVENT: {"event": "MESSAGE_SAVED", "user_id": 2031082040, "chat_code": "NU7YSO", "timestamp": "2025-07-08T15:47:52.581464", "details": {"sender_role": "executor", "message_type": "text", "message_length": 5, "has_file": false, "file_size": null}}
2025-07-08 15:47:56,697 - INFO - CHAT_EVENT: {"event": "MESSAGE_SAVED", "user_id": 5153705295, "chat_code": "NU7YSO", "timestamp": "2025-07-08T15:47:56.697290", "details": {"sender_role": "customer", "message_type": "text", "message_length": 10, "has_file": false, "file_size": null}}
2025-07-08 15:48:02,660 - INFO - CHAT_EVENT: {"event": "MESSAGE_SAVED", "user_id": 2031082040, "chat_code": "NU7YSO", "timestamp": "2025-07-08T15:48:02.660296", "details": {"sender_role": "executor", "message_type": "text", "message_length": 3, "has_file": false, "file_size": null}}
2025-07-08 15:48:04,376 - INFO - CHAT_EVENT: {"event": "MESSAGE_SAVED", "user_id": 2031082040, "chat_code": "NU7YSO", "timestamp": "2025-07-08T15:48:04.375946", "details": {"sender_role": "executor", "message_type": "text", "message_length": 6, "has_file": false, "file_size": null}}
2025-07-08 15:48:06,477 - INFO - CHAT_EVENT: {"event": "MESSAGE_SAVED", "user_id": 5153705295, "chat_code": "NU7YSO", "timestamp": "2025-07-08T15:48:06.477678", "details": {"sender_role": "customer", "message_type": "text", "message_length": 39, "has_file": false, "file_size": null}}
2025-07-08 15:48:15,117 - INFO - CHAT_EVENT: {"event": "MESSAGE_SAVED", "user_id": 5153705295, "chat_code": "NU7YSO", "timestamp": "2025-07-08T15:48:15.117304", "details": {"sender_role": "customer", "message_type": "text", "message_length": 4, "has_file": false, "file_size": null}}
2025-07-08 15:50:15,840 - INFO - CHAT_EVENT: {"event": "BOT_STARTUP", "user_id": 0, "chat_code": null, "timestamp": "2025-07-08T15:50:15.839983", "details": {"restored_sessions": 3, "active_chats": 2, "startup_time": "2025-07-08T15:50:15.839972"}}
2025-07-08 15:56:51,812 - INFO - CHAT_EVENT: {"event": "SESSION_SAVED", "user_id": 5153705295, "chat_code": "ZZ3IHB", "timestamp": "2025-07-08T15:56:51.812781", "details": {"action": "session_created", "success": true}}
2025-07-08 15:56:51,815 - INFO - CHAT_EVENT: {"event": "CHAT_INITIALIZED", "user_id": 5153705295, "chat_code": "ZZ3IHB", "timestamp": "2025-07-08T15:56:51.815910", "details": {"task_id": 3, "customer_id": 5153705295, "executor_id": 1815761307, "user_role": "customer"}}
2025-07-08 15:56:51,816 - INFO - CHAT_EVENT: {"event": "USER_JOINED_CHAT", "user_id": 5153705295, "chat_code": "ZZ3IHB", "timestamp": "2025-07-08T15:56:51.816070", "details": {"user_role": "customer", "participants_count": 1}}
