2025-07-06 12:20:26,643 - __main__ - INFO - [<module>:42] - ✅ Chat bot logger initialized
2025-07-06 12:20:26,647 - __main__ - INFO - [<module>:48] - ✅ File handler imported successfully
2025-07-06 12:20:53,981 - __main__ - INFO - [<module>:42] - ✅ Chat bot logger initialized
2025-07-06 12:20:53,982 - __main__ - INFO - [<module>:48] - ✅ File handler imported successfully
2025-07-06 12:20:54,050 - __main__ - INFO - [init_message_mappings_table:1447] - Message mappings, reads and sessions tables initialized
2025-07-06 12:20:54,050 - __main__ - INFO - [restore_sessions_on_startup:2492] - Restored session for user 1815761307 in chat 22655O
2025-07-06 12:20:54,051 - __main__ - INFO - [restore_sessions_on_startup:2492] - Restored session for user 5153705295 in chat 22655O
2025-07-06 12:20:54,052 - __main__ - INFO - [restore_sessions_on_startup:2492] - Restored session for user 7177916785 in chat L618ZD
2025-07-06 12:20:54,052 - __main__ - INFO - [restore_sessions_on_startup:2495] - Restored 3 user sessions
2025-07-06 12:20:54,054 - __main__ - INFO - [main:2545] - @fezerstop (ID: 5857065034, username: fezerstop) set as highest level admin (Level 5)
2025-07-06 12:20:54,082 - __main__ - INFO - [main:2587] - 🚀 Rozdum Chat Bot starting...
2025-07-06 12:20:54,082 - chat_events - INFO - [log_chat_event:143] - CHAT_EVENT: {"event": "BOT_STARTUP", "user_id": 0, "chat_code": null, "timestamp": "2025-07-06T12:20:54.082337", "details": {"restored_sessions": 3, "active_chats": 2, "startup_time": "2025-07-06T12:20:54.082327"}}
2025-07-06 12:22:29,996 - __main__ - INFO - [<module>:42] - ✅ Chat bot logger initialized
2025-07-06 12:22:30,001 - __main__ - INFO - [<module>:48] - ✅ File handler imported successfully
2025-07-06 12:22:30,173 - __main__ - INFO - [init_message_mappings_table:1447] - Message mappings, reads and sessions tables initialized
2025-07-06 12:22:30,174 - __main__ - INFO - [restore_sessions_on_startup:2492] - Restored session for user 1815761307 in chat 22655O
2025-07-06 12:22:30,174 - __main__ - INFO - [restore_sessions_on_startup:2492] - Restored session for user 5153705295 in chat 22655O
2025-07-06 12:22:30,174 - __main__ - INFO - [restore_sessions_on_startup:2492] - Restored session for user 7177916785 in chat L618ZD
2025-07-06 12:22:30,174 - __main__ - INFO - [restore_sessions_on_startup:2495] - Restored 3 user sessions
2025-07-06 12:22:30,175 - __main__ - INFO - [main:2545] - @fezerstop (ID: 5857065034, username: fezerstop) set as highest level admin (Level 5)
2025-07-06 12:22:30,197 - __main__ - INFO - [main:2587] - 🚀 Rozdum Chat Bot starting...
2025-07-06 12:22:30,197 - chat_events - INFO - [log_chat_event:143] - CHAT_EVENT: {"event": "BOT_STARTUP", "user_id": 0, "chat_code": null, "timestamp": "2025-07-06T12:22:30.197736", "details": {"restored_sessions": 3, "active_chats": 2, "startup_time": "2025-07-06T12:22:30.197726"}}
2025-07-06 12:22:42,607 - chat_events - INFO - [log_chat_event:143] - CHAT_EVENT: {"event": "MESSAGE_SAVED", "user_id": 5153705295, "chat_code": "22655O", "timestamp": "2025-07-06T12:22:42.607777", "details": {"sender_role": "customer", "message_type": "text", "message_length": 1, "has_file": false, "file_size": null}}
2025-07-06 12:22:42,608 - __main__ - INFO - [save_chat_message:315] - 💬 Message saved: customer → chat 22655O (text)
2025-07-06 12:22:43,304 - __main__ - INFO - [handle_message:1208] - 👍 reaction set successfully
2025-07-06 12:23:35,901 - __main__ - INFO - [remove_user_session:285] - Removed session for user 1815761307
2025-07-06 12:23:36,097 - __main__ - ERROR - [error_handler:165] - Exception while handling an update: name 'usersessions' is not defined
2025-07-06 12:25:36,623 - __main__ - INFO - [<module>:42] - ✅ Chat bot logger initialized
2025-07-06 12:25:36,625 - __main__ - INFO - [<module>:48] - ✅ File handler imported successfully
2025-07-06 12:25:36,705 - __main__ - INFO - [init_message_mappings_table:1447] - Message mappings, reads and sessions tables initialized
2025-07-06 12:25:36,706 - __main__ - INFO - [restore_sessions_on_startup:2492] - Restored session for user 5153705295 in chat 22655O
2025-07-06 12:25:36,706 - __main__ - INFO - [restore_sessions_on_startup:2492] - Restored session for user 7177916785 in chat L618ZD
2025-07-06 12:25:36,706 - __main__ - INFO - [restore_sessions_on_startup:2495] - Restored 2 user sessions
2025-07-06 12:25:36,707 - __main__ - INFO - [main:2545] - @fezerstop (ID: 5857065034, username: fezerstop) set as highest level admin (Level 5)
2025-07-06 12:25:36,726 - __main__ - INFO - [main:2587] - 🚀 Rozdum Chat Bot starting...
2025-07-06 12:25:36,726 - chat_events - INFO - [log_chat_event:143] - CHAT_EVENT: {"event": "BOT_STARTUP", "user_id": 0, "chat_code": null, "timestamp": "2025-07-06T12:25:36.726370", "details": {"restored_sessions": 2, "active_chats": 2, "startup_time": "2025-07-06T12:25:36.726360"}}
2025-07-06 12:26:22,885 - __main__ - INFO - [<module>:42] - ✅ Chat bot logger initialized
2025-07-06 12:26:22,887 - __main__ - INFO - [<module>:48] - ✅ File handler imported successfully
2025-07-06 12:26:22,963 - __main__ - INFO - [init_message_mappings_table:1447] - Message mappings, reads and sessions tables initialized
2025-07-06 12:26:22,964 - __main__ - INFO - [restore_sessions_on_startup:2492] - Restored session for user 5153705295 in chat 22655O
2025-07-06 12:26:22,964 - __main__ - INFO - [restore_sessions_on_startup:2492] - Restored session for user 7177916785 in chat L618ZD
2025-07-06 12:26:22,964 - __main__ - INFO - [restore_sessions_on_startup:2495] - Restored 2 user sessions
2025-07-06 12:26:22,965 - __main__ - INFO - [main:2545] - @fezerstop (ID: 5857065034, username: fezerstop) set as highest level admin (Level 5)
2025-07-06 12:26:22,992 - __main__ - INFO - [main:2587] - 🚀 Rozdum Chat Bot starting...
2025-07-06 12:26:22,993 - chat_events - INFO - [log_chat_event:143] - CHAT_EVENT: {"event": "BOT_STARTUP", "user_id": 0, "chat_code": null, "timestamp": "2025-07-06T12:26:22.993061", "details": {"restored_sessions": 2, "active_chats": 2, "startup_time": "2025-07-06T12:26:22.993050"}}
2025-07-06 12:29:12,958 - __main__ - INFO - [<module>:42] - ✅ Chat bot logger initialized
2025-07-06 12:29:12,974 - __main__ - INFO - [<module>:48] - ✅ File handler imported successfully
2025-07-06 12:29:13,207 - __main__ - INFO - [init_message_mappings_table:1447] - Message mappings, reads and sessions tables initialized
2025-07-06 12:29:13,210 - __main__ - INFO - [restore_sessions_on_startup:2492] - Restored session for user 5153705295 in chat 22655O
2025-07-06 12:29:13,210 - __main__ - INFO - [restore_sessions_on_startup:2492] - Restored session for user 7177916785 in chat L618ZD
2025-07-06 12:29:13,212 - __main__ - INFO - [restore_sessions_on_startup:2495] - Restored 2 user sessions
2025-07-06 12:29:13,214 - __main__ - INFO - [main:2545] - @fezerstop (ID: 5857065034, username: fezerstop) set as highest level admin (Level 5)
2025-07-06 12:29:13,272 - __main__ - INFO - [main:2587] - 🚀 Rozdum Chat Bot starting...
2025-07-06 12:29:13,272 - chat_events - INFO - [log_chat_event:143] - CHAT_EVENT: {"event": "BOT_STARTUP", "user_id": 0, "chat_code": null, "timestamp": "2025-07-06T12:29:13.272638", "details": {"restored_sessions": 2, "active_chats": 2, "startup_time": "2025-07-06T12:29:13.272630"}}
2025-07-06 12:31:32,188 - __main__ - INFO - [<module>:42] - ✅ Chat bot logger initialized
2025-07-06 12:31:32,212 - __main__ - INFO - [<module>:48] - ✅ File handler imported successfully
2025-07-06 12:31:32,319 - __main__ - INFO - [init_message_mappings_table:1447] - Message mappings, reads and sessions tables initialized
2025-07-06 12:31:32,321 - __main__ - INFO - [restore_sessions_on_startup:2492] - Restored session for user 5153705295 in chat 22655O
2025-07-06 12:31:32,322 - __main__ - INFO - [restore_sessions_on_startup:2492] - Restored session for user 7177916785 in chat L618ZD
2025-07-06 12:31:32,323 - __main__ - INFO - [restore_sessions_on_startup:2495] - Restored 2 user sessions
2025-07-06 12:31:32,325 - __main__ - INFO - [main:2545] - @fezerstop (ID: 5857065034, username: fezerstop) set as highest level admin (Level 5)
2025-07-06 12:31:32,356 - __main__ - INFO - [main:2587] - 🚀 Rozdum Chat Bot starting...
2025-07-06 12:31:32,357 - chat_events - INFO - [log_chat_event:143] - CHAT_EVENT: {"event": "BOT_STARTUP", "user_id": 0, "chat_code": null, "timestamp": "2025-07-06T12:31:32.357448", "details": {"restored_sessions": 2, "active_chats": 2, "startup_time": "2025-07-06T12:31:32.357438"}}
2025-07-06 12:33:11,601 - __main__ - INFO - [<module>:42] - ✅ Chat bot logger initialized
2025-07-06 12:33:11,613 - __main__ - INFO - [<module>:48] - ✅ File handler imported successfully
2025-07-06 12:33:11,739 - __main__ - INFO - [init_message_mappings_table:1447] - Message mappings, reads and sessions tables initialized
2025-07-06 12:33:11,739 - __main__ - INFO - [restore_sessions_on_startup:2492] - Restored session for user 5153705295 in chat 22655O
2025-07-06 12:33:11,740 - __main__ - INFO - [restore_sessions_on_startup:2492] - Restored session for user 7177916785 in chat L618ZD
2025-07-06 12:33:11,740 - __main__ - INFO - [restore_sessions_on_startup:2495] - Restored 2 user sessions
2025-07-06 12:33:11,740 - __main__ - INFO - [main:2545] - @fezerstop (ID: 5857065034, username: fezerstop) set as highest level admin (Level 5)
2025-07-06 12:33:11,760 - __main__ - INFO - [main:2587] - 🚀 Rozdum Chat Bot starting...
2025-07-06 12:33:11,760 - chat_events - INFO - [log_chat_event:143] - CHAT_EVENT: {"event": "BOT_STARTUP", "user_id": 0, "chat_code": null, "timestamp": "2025-07-06T12:33:11.760537", "details": {"restored_sessions": 2, "active_chats": 2, "startup_time": "2025-07-06T12:33:11.760529"}}
2025-07-06 12:35:16,572 - __main__ - INFO - [<module>:42] - ✅ Chat bot logger initialized
2025-07-06 12:35:16,574 - __main__ - INFO - [<module>:48] - ✅ File handler imported successfully
2025-07-06 12:35:16,626 - __main__ - INFO - [init_message_mappings_table:1447] - Message mappings, reads and sessions tables initialized
2025-07-06 12:35:16,627 - __main__ - INFO - [restore_sessions_on_startup:2492] - Restored session for user 5153705295 in chat 22655O
2025-07-06 12:35:16,627 - __main__ - INFO - [restore_sessions_on_startup:2492] - Restored session for user 7177916785 in chat L618ZD
2025-07-06 12:35:16,627 - __main__ - INFO - [restore_sessions_on_startup:2495] - Restored 2 user sessions
2025-07-06 12:35:16,627 - __main__ - INFO - [main:2545] - @fezerstop (ID: 5857065034, username: fezerstop) set as highest level admin (Level 5)
2025-07-06 12:35:16,644 - __main__ - INFO - [main:2587] - 🚀 Rozdum Chat Bot starting...
2025-07-06 12:35:16,645 - chat_events - INFO - [log_chat_event:143] - CHAT_EVENT: {"event": "BOT_STARTUP", "user_id": 0, "chat_code": null, "timestamp": "2025-07-06T12:35:16.645432", "details": {"restored_sessions": 2, "active_chats": 2, "startup_time": "2025-07-06T12:35:16.645421"}}
2025-07-06 12:38:55,709 - __main__ - INFO - [<module>:42] - ✅ Chat bot logger initialized
2025-07-06 12:38:55,711 - __main__ - INFO - [<module>:48] - ✅ File handler imported successfully
2025-07-06 12:38:55,768 - __main__ - INFO - [init_message_mappings_table:1447] - Message mappings, reads and sessions tables initialized
2025-07-06 12:38:55,769 - __main__ - INFO - [restore_sessions_on_startup:2492] - Restored session for user 5153705295 in chat 22655O
2025-07-06 12:38:55,769 - __main__ - INFO - [restore_sessions_on_startup:2492] - Restored session for user 7177916785 in chat L618ZD
2025-07-06 12:38:55,769 - __main__ - INFO - [restore_sessions_on_startup:2495] - Restored 2 user sessions
2025-07-06 12:38:55,770 - __main__ - INFO - [main:2545] - @fezerstop (ID: 5857065034, username: fezerstop) set as highest level admin (Level 5)
2025-07-06 12:38:55,793 - __main__ - INFO - [main:2587] - 🚀 Rozdum Chat Bot starting...
2025-07-06 12:38:55,793 - chat_events - INFO - [log_chat_event:143] - CHAT_EVENT: {"event": "BOT_STARTUP", "user_id": 0, "chat_code": null, "timestamp": "2025-07-06T12:38:55.793644", "details": {"restored_sessions": 2, "active_chats": 2, "startup_time": "2025-07-06T12:38:55.793634"}}
2025-07-06 12:43:38,604 - __main__ - INFO - [<module>:42] - ✅ Chat bot logger initialized
2025-07-06 12:43:38,607 - __main__ - INFO - [<module>:48] - ✅ File handler imported successfully
2025-07-06 12:43:38,662 - __main__ - INFO - [init_message_mappings_table:1447] - Message mappings, reads and sessions tables initialized
2025-07-06 12:43:38,662 - __main__ - INFO - [restore_sessions_on_startup:2492] - Restored session for user 5153705295 in chat 22655O
2025-07-06 12:43:38,663 - __main__ - INFO - [restore_sessions_on_startup:2492] - Restored session for user 7177916785 in chat L618ZD
2025-07-06 12:43:38,663 - __main__ - INFO - [restore_sessions_on_startup:2495] - Restored 2 user sessions
2025-07-06 12:43:38,663 - __main__ - INFO - [main:2545] - @fezerstop (ID: 5857065034, username: fezerstop) set as highest level admin (Level 5)
2025-07-06 12:43:38,683 - __main__ - INFO - [main:2587] - 🚀 Rozdum Chat Bot starting...
2025-07-06 12:43:38,683 - chat_events - INFO - [log_chat_event:143] - CHAT_EVENT: {"event": "BOT_STARTUP", "user_id": 0, "chat_code": null, "timestamp": "2025-07-06T12:43:38.683248", "details": {"restored_sessions": 2, "active_chats": 2, "startup_time": "2025-07-06T12:43:38.683239"}}
2025-07-06 12:43:56,199 - __main__ - INFO - [<module>:42] - ✅ Chat bot logger initialized
2025-07-06 12:43:56,201 - __main__ - INFO - [<module>:48] - ✅ File handler imported successfully
2025-07-06 12:43:56,255 - __main__ - INFO - [init_message_mappings_table:1447] - Message mappings, reads and sessions tables initialized
2025-07-06 12:43:56,256 - __main__ - INFO - [restore_sessions_on_startup:2492] - Restored session for user 5153705295 in chat 22655O
2025-07-06 12:43:56,256 - __main__ - INFO - [restore_sessions_on_startup:2492] - Restored session for user 7177916785 in chat L618ZD
2025-07-06 12:43:56,256 - __main__ - INFO - [restore_sessions_on_startup:2495] - Restored 2 user sessions
2025-07-06 12:43:56,257 - __main__ - INFO - [main:2545] - @fezerstop (ID: 5857065034, username: fezerstop) set as highest level admin (Level 5)
2025-07-06 12:43:56,276 - __main__ - INFO - [main:2587] - 🚀 Rozdum Chat Bot starting...
2025-07-06 12:43:56,448 - chat_events - INFO - [log_chat_event:143] - CHAT_EVENT: {"event": "BOT_STARTUP", "user_id": 0, "chat_code": null, "timestamp": "2025-07-06T12:43:56.448352", "details": {"restored_sessions": 2, "active_chats": 2, "startup_time": "2025-07-06T12:43:56.448317"}}
2025-07-06 12:47:06,063 - __main__ - INFO - [<module>:42] - ✅ Chat bot logger initialized
2025-07-06 12:47:06,066 - __main__ - INFO - [<module>:48] - ✅ File handler imported successfully
2025-07-06 12:47:06,116 - __main__ - INFO - [init_message_mappings_table:1447] - Message mappings, reads and sessions tables initialized
2025-07-06 12:47:06,116 - __main__ - INFO - [restore_sessions_on_startup:2492] - Restored session for user 5153705295 in chat 22655O
2025-07-06 12:47:06,116 - __main__ - INFO - [restore_sessions_on_startup:2492] - Restored session for user 7177916785 in chat L618ZD
2025-07-06 12:47:06,117 - __main__ - INFO - [restore_sessions_on_startup:2495] - Restored 2 user sessions
2025-07-06 12:47:06,117 - __main__ - INFO - [main:2545] - @fezerstop (ID: 5857065034, username: fezerstop) set as highest level admin (Level 5)
2025-07-06 12:47:06,139 - __main__ - INFO - [main:2587] - 🚀 Rozdum Chat Bot starting...
2025-07-06 12:47:06,139 - chat_events - INFO - [log_chat_event:143] - CHAT_EVENT: {"event": "BOT_STARTUP", "user_id": 0, "chat_code": null, "timestamp": "2025-07-06T12:47:06.139465", "details": {"restored_sessions": 2, "active_chats": 2, "startup_time": "2025-07-06T12:47:06.139454"}}
2025-07-06 12:48:46,203 - __main__ - INFO - [<module>:42] - ✅ Chat bot logger initialized
2025-07-06 12:48:46,205 - __main__ - INFO - [<module>:48] - ✅ File handler imported successfully
2025-07-06 12:48:46,277 - __main__ - INFO - [init_message_mappings_table:1447] - Message mappings, reads and sessions tables initialized
2025-07-06 12:48:46,278 - __main__ - INFO - [restore_sessions_on_startup:2492] - Restored session for user 5153705295 in chat 22655O
2025-07-06 12:48:46,282 - __main__ - INFO - [restore_sessions_on_startup:2492] - Restored session for user 7177916785 in chat L618ZD
2025-07-06 12:48:46,282 - __main__ - INFO - [restore_sessions_on_startup:2495] - Restored 2 user sessions
2025-07-06 12:48:46,283 - __main__ - INFO - [main:2545] - @fezerstop (ID: 5857065034, username: fezerstop) set as highest level admin (Level 5)
2025-07-06 12:48:46,308 - __main__ - INFO - [main:2587] - 🚀 Rozdum Chat Bot starting...
2025-07-06 12:48:46,308 - chat_events - INFO - [log_chat_event:143] - CHAT_EVENT: {"event": "BOT_STARTUP", "user_id": 0, "chat_code": null, "timestamp": "2025-07-06T12:48:46.308433", "details": {"restored_sessions": 2, "active_chats": 2, "startup_time": "2025-07-06T12:48:46.308423"}}
2025-07-06 12:53:57,593 - __main__ - INFO - [<module>:42] - ✅ Chat bot logger initialized
2025-07-06 12:53:57,594 - __main__ - INFO - [<module>:48] - ✅ File handler imported successfully
2025-07-06 12:53:57,647 - __main__ - INFO - [init_message_mappings_table:1447] - Message mappings, reads and sessions tables initialized
2025-07-06 12:53:57,647 - __main__ - INFO - [restore_sessions_on_startup:2492] - Restored session for user 5153705295 in chat 22655O
2025-07-06 12:53:57,648 - __main__ - INFO - [restore_sessions_on_startup:2492] - Restored session for user 7177916785 in chat L618ZD
2025-07-06 12:53:57,648 - __main__ - INFO - [restore_sessions_on_startup:2495] - Restored 2 user sessions
2025-07-06 12:53:57,649 - __main__ - INFO - [main:2545] - @fezerstop (ID: 5857065034, username: fezerstop) set as highest level admin (Level 5)
2025-07-06 12:53:57,664 - __main__ - INFO - [main:2587] - 🚀 Rozdum Chat Bot starting...
2025-07-06 12:53:57,664 - chat_events - INFO - [log_chat_event:143] - CHAT_EVENT: {"event": "BOT_STARTUP", "user_id": 0, "chat_code": null, "timestamp": "2025-07-06T12:53:57.664873", "details": {"restored_sessions": 2, "active_chats": 2, "startup_time": "2025-07-06T12:53:57.664864"}}
2025-07-06 12:55:36,535 - __main__ - INFO - [<module>:42] - ✅ Chat bot logger initialized
2025-07-06 12:55:36,538 - __main__ - INFO - [<module>:48] - ✅ File handler imported successfully
2025-07-06 12:55:36,625 - __main__ - INFO - [init_message_mappings_table:1447] - Message mappings, reads and sessions tables initialized
2025-07-06 12:55:36,626 - __main__ - INFO - [restore_sessions_on_startup:2492] - Restored session for user 5153705295 in chat 22655O
2025-07-06 12:55:36,626 - __main__ - INFO - [restore_sessions_on_startup:2492] - Restored session for user 7177916785 in chat L618ZD
2025-07-06 12:55:36,626 - __main__ - INFO - [restore_sessions_on_startup:2495] - Restored 2 user sessions
2025-07-06 12:55:36,627 - __main__ - INFO - [main:2545] - @fezerstop (ID: 5857065034, username: fezerstop) set as highest level admin (Level 5)
2025-07-06 12:55:36,660 - __main__ - INFO - [main:2587] - 🚀 Rozdum Chat Bot starting...
2025-07-06 12:55:36,660 - chat_events - INFO - [log_chat_event:143] - CHAT_EVENT: {"event": "BOT_STARTUP", "user_id": 0, "chat_code": null, "timestamp": "2025-07-06T12:55:36.660817", "details": {"restored_sessions": 2, "active_chats": 2, "startup_time": "2025-07-06T12:55:36.660807"}}
2025-07-06 12:57:42,712 - __main__ - INFO - [<module>:42] - ✅ Chat bot logger initialized
2025-07-06 12:57:42,714 - __main__ - INFO - [<module>:48] - ✅ File handler imported successfully
2025-07-06 12:57:42,772 - __main__ - INFO - [init_message_mappings_table:1447] - Message mappings, reads and sessions tables initialized
2025-07-06 12:57:42,772 - __main__ - INFO - [restore_sessions_on_startup:2492] - Restored session for user 5153705295 in chat 22655O
2025-07-06 12:57:42,773 - __main__ - INFO - [restore_sessions_on_startup:2492] - Restored session for user 7177916785 in chat L618ZD
2025-07-06 12:57:42,773 - __main__ - INFO - [restore_sessions_on_startup:2495] - Restored 2 user sessions
2025-07-06 12:57:42,774 - __main__ - INFO - [main:2545] - @fezerstop (ID: 5857065034, username: fezerstop) set as highest level admin (Level 5)
2025-07-06 12:57:42,794 - __main__ - INFO - [main:2587] - 🚀 Rozdum Chat Bot starting...
2025-07-06 12:57:42,794 - chat_events - INFO - [log_chat_event:143] - CHAT_EVENT: {"event": "BOT_STARTUP", "user_id": 0, "chat_code": null, "timestamp": "2025-07-06T12:57:42.794246", "details": {"restored_sessions": 2, "active_chats": 2, "startup_time": "2025-07-06T12:57:42.794236"}}
2025-07-06 12:58:27,908 - __main__ - INFO - [<module>:42] - ✅ Chat bot logger initialized
2025-07-06 12:58:27,911 - __main__ - INFO - [<module>:48] - ✅ File handler imported successfully
2025-07-06 12:58:27,995 - __main__ - INFO - [init_message_mappings_table:1447] - Message mappings, reads and sessions tables initialized
2025-07-06 12:58:27,996 - __main__ - INFO - [restore_sessions_on_startup:2492] - Restored session for user 5153705295 in chat 22655O
2025-07-06 12:58:27,996 - __main__ - INFO - [restore_sessions_on_startup:2492] - Restored session for user 7177916785 in chat L618ZD
2025-07-06 12:58:27,996 - __main__ - INFO - [restore_sessions_on_startup:2495] - Restored 2 user sessions
2025-07-06 12:58:27,997 - __main__ - INFO - [main:2545] - @fezerstop (ID: 5857065034, username: fezerstop) set as highest level admin (Level 5)
2025-07-06 12:58:28,016 - __main__ - INFO - [main:2587] - 🚀 Rozdum Chat Bot starting...
2025-07-06 12:58:28,016 - chat_events - INFO - [log_chat_event:143] - CHAT_EVENT: {"event": "BOT_STARTUP", "user_id": 0, "chat_code": null, "timestamp": "2025-07-06T12:58:28.016882", "details": {"restored_sessions": 2, "active_chats": 2, "startup_time": "2025-07-06T12:58:28.016873"}}
2025-07-06 12:59:39,500 - telegram.ext.Updater - ERROR - [_network_loop_retry:701] - Error while getting Updates: httpx.ReadError: 
2025-07-06 12:59:39,501 - __main__ - WARNING - [error_handler:161] - Network error (temporary): httpx.ReadError: 
2025-07-08 15:11:22,019 - __main__ - INFO - [<module>:42] - ✅ Chat bot logger initialized
2025-07-08 15:11:22,021 - __main__ - INFO - [<module>:48] - ✅ File handler imported successfully
2025-07-08 15:11:22,415 - __main__ - INFO - [init_message_mappings_table:1447] - Message mappings, reads and sessions tables initialized
2025-07-08 15:11:22,416 - __main__ - INFO - [restore_sessions_on_startup:2492] - Restored session for user 5153705295 in chat 22655O
2025-07-08 15:11:22,416 - __main__ - INFO - [restore_sessions_on_startup:2492] - Restored session for user 7177916785 in chat L618ZD
2025-07-08 15:11:22,416 - __main__ - INFO - [restore_sessions_on_startup:2495] - Restored 2 user sessions
2025-07-08 15:11:22,417 - __main__ - INFO - [main:2545] - @fezerstop (ID: 5857065034, username: fezerstop) set as highest level admin (Level 5)
2025-07-08 15:11:22,436 - __main__ - INFO - [main:2587] - 🚀 Rozdum Chat Bot starting...
2025-07-08 15:11:22,436 - chat_events - INFO - [log_chat_event:143] - CHAT_EVENT: {"event": "BOT_STARTUP", "user_id": 0, "chat_code": null, "timestamp": "2025-07-08T15:11:22.436501", "details": {"restored_sessions": 2, "active_chats": 2, "startup_time": "2025-07-08T15:11:22.436491"}}
2025-07-08 15:22:06,139 - __main__ - INFO - [<module>:42] - ✅ Chat bot logger initialized
2025-07-08 15:22:06,148 - __main__ - INFO - [<module>:48] - ✅ File handler imported successfully
2025-07-08 15:22:06,489 - __main__ - INFO - [init_message_mappings_table:1447] - Message mappings, reads and sessions tables initialized
2025-07-08 15:22:06,490 - __main__ - INFO - [restore_sessions_on_startup:2492] - Restored session for user 5153705295 in chat 22655O
2025-07-08 15:22:06,490 - __main__ - INFO - [restore_sessions_on_startup:2492] - Restored session for user 7177916785 in chat L618ZD
2025-07-08 15:22:06,490 - __main__ - INFO - [restore_sessions_on_startup:2495] - Restored 2 user sessions
2025-07-08 15:22:06,491 - __main__ - INFO - [main:2545] - @fezerstop (ID: 5857065034, username: fezerstop) set as highest level admin (Level 5)
2025-07-08 15:22:06,506 - __main__ - INFO - [main:2587] - 🚀 Rozdum Chat Bot starting...
2025-07-08 15:22:06,506 - chat_events - INFO - [log_chat_event:143] - CHAT_EVENT: {"event": "BOT_STARTUP", "user_id": 0, "chat_code": null, "timestamp": "2025-07-08T15:22:06.506405", "details": {"restored_sessions": 2, "active_chats": 2, "startup_time": "2025-07-08T15:22:06.506397"}}
2025-07-08 15:33:10,997 - __main__ - INFO - [<module>:42] - ✅ Chat bot logger initialized
2025-07-08 15:33:11,007 - __main__ - INFO - [<module>:48] - ✅ File handler imported successfully
2025-07-08 15:33:11,049 - __main__ - INFO - [init_message_mappings_table:1447] - Message mappings, reads and sessions tables initialized
2025-07-08 15:33:11,049 - __main__ - INFO - [restore_sessions_on_startup:2492] - Restored session for user 5153705295 in chat 22655O
2025-07-08 15:33:11,049 - __main__ - INFO - [restore_sessions_on_startup:2492] - Restored session for user 7177916785 in chat L618ZD
2025-07-08 15:33:11,050 - __main__ - INFO - [restore_sessions_on_startup:2495] - Restored 2 user sessions
2025-07-08 15:33:11,050 - __main__ - INFO - [main:2545] - @fezerstop (ID: 5857065034, username: fezerstop) set as highest level admin (Level 5)
2025-07-08 15:33:11,066 - __main__ - INFO - [main:2587] - 🚀 Rozdum Chat Bot starting...
2025-07-08 15:33:11,067 - chat_events - INFO - [log_chat_event:143] - CHAT_EVENT: {"event": "BOT_STARTUP", "user_id": 0, "chat_code": null, "timestamp": "2025-07-08T15:33:11.067158", "details": {"restored_sessions": 2, "active_chats": 2, "startup_time": "2025-07-08T15:33:11.067150"}}
2025-07-08 15:34:57,476 - __main__ - INFO - [<module>:42] - ✅ Chat bot logger initialized
2025-07-08 15:34:57,478 - __main__ - INFO - [<module>:48] - ✅ File handler imported successfully
2025-07-08 15:34:57,526 - __main__ - INFO - [init_message_mappings_table:1447] - Message mappings, reads and sessions tables initialized
2025-07-08 15:34:57,527 - __main__ - INFO - [restore_sessions_on_startup:2492] - Restored session for user 5153705295 in chat 22655O
2025-07-08 15:34:57,527 - __main__ - INFO - [restore_sessions_on_startup:2492] - Restored session for user 7177916785 in chat L618ZD
2025-07-08 15:34:57,527 - __main__ - INFO - [restore_sessions_on_startup:2495] - Restored 2 user sessions
2025-07-08 15:34:57,528 - __main__ - INFO - [main:2545] - @fezerstop (ID: 5857065034, username: fezerstop) set as highest level admin (Level 5)
2025-07-08 15:34:57,544 - __main__ - INFO - [main:2587] - 🚀 Rozdum Chat Bot starting...
2025-07-08 15:34:57,545 - chat_events - INFO - [log_chat_event:143] - CHAT_EVENT: {"event": "BOT_STARTUP", "user_id": 0, "chat_code": null, "timestamp": "2025-07-08T15:34:57.545057", "details": {"restored_sessions": 2, "active_chats": 2, "startup_time": "2025-07-08T15:34:57.545046"}}
2025-07-08 15:39:15,745 - __main__ - INFO - [<module>:42] - ✅ Chat bot logger initialized
2025-07-08 15:39:15,747 - __main__ - INFO - [<module>:48] - ✅ File handler imported successfully
2025-07-08 15:39:15,808 - __main__ - INFO - [init_message_mappings_table:1447] - Message mappings, reads and sessions tables initialized
2025-07-08 15:39:15,809 - __main__ - INFO - [restore_sessions_on_startup:2492] - Restored session for user 5153705295 in chat 22655O
2025-07-08 15:39:15,809 - __main__ - INFO - [restore_sessions_on_startup:2492] - Restored session for user 7177916785 in chat L618ZD
2025-07-08 15:39:15,810 - __main__ - INFO - [restore_sessions_on_startup:2495] - Restored 2 user sessions
2025-07-08 15:39:15,811 - __main__ - INFO - [main:2545] - @fezerstop (ID: 5857065034, username: fezerstop) set as highest level admin (Level 5)
2025-07-08 15:39:15,838 - __main__ - INFO - [main:2587] - 🚀 Rozdum Chat Bot starting...
2025-07-08 15:39:15,839 - chat_events - INFO - [log_chat_event:143] - CHAT_EVENT: {"event": "BOT_STARTUP", "user_id": 0, "chat_code": null, "timestamp": "2025-07-08T15:39:15.838987", "details": {"restored_sessions": 2, "active_chats": 2, "startup_time": "2025-07-08T15:39:15.838976"}}
2025-07-08 15:47:38,048 - chat_events - INFO - [log_chat_event:143] - CHAT_EVENT: {"event": "SESSION_SAVED", "user_id": 2031082040, "chat_code": "NU7YSO", "timestamp": "2025-07-08T15:47:38.048272", "details": {"action": "session_created", "success": true}}
2025-07-08 15:47:38,048 - __main__ - INFO - [save_user_session:246] - ✅ Session saved: user 2031082040 → chat NU7YSO
2025-07-08 15:47:38,048 - chat_events - INFO - [log_chat_event:143] - CHAT_EVENT: {"event": "CHAT_INITIALIZED", "user_id": 2031082040, "chat_code": "NU7YSO", "timestamp": "2025-07-08T15:47:38.048793", "details": {"task_id": 12, "customer_id": 5153705295, "executor_id": 2031082040, "user_role": "executor"}}
2025-07-08 15:47:38,049 - chat_events - INFO - [log_chat_event:143] - CHAT_EVENT: {"event": "USER_JOINED_CHAT", "user_id": 2031082040, "chat_code": "NU7YSO", "timestamp": "2025-07-08T15:47:38.048988", "details": {"user_role": "executor", "participants_count": 1}}
2025-07-08 15:47:49,109 - chat_events - INFO - [log_chat_event:143] - CHAT_EVENT: {"event": "SESSION_SAVED", "user_id": 5153705295, "chat_code": "NU7YSO", "timestamp": "2025-07-08T15:47:49.109180", "details": {"action": "session_created", "success": true}}
2025-07-08 15:47:49,109 - __main__ - INFO - [save_user_session:246] - ✅ Session saved: user 5153705295 → chat NU7YSO
2025-07-08 15:47:49,109 - chat_events - INFO - [log_chat_event:143] - CHAT_EVENT: {"event": "USER_JOINED_CHAT", "user_id": 5153705295, "chat_code": "NU7YSO", "timestamp": "2025-07-08T15:47:49.109544", "details": {"user_role": "customer", "participants_count": 2}}
2025-07-08 15:47:52,581 - chat_events - INFO - [log_chat_event:143] - CHAT_EVENT: {"event": "MESSAGE_SAVED", "user_id": 2031082040, "chat_code": "NU7YSO", "timestamp": "2025-07-08T15:47:52.581464", "details": {"sender_role": "executor", "message_type": "text", "message_length": 5, "has_file": false, "file_size": null}}
2025-07-08 15:47:52,581 - __main__ - INFO - [save_chat_message:315] - 💬 Message saved: executor → chat NU7YSO (text)
2025-07-08 15:47:53,294 - __main__ - INFO - [handle_message:1208] - 👍 reaction set successfully
2025-07-08 15:47:56,697 - chat_events - INFO - [log_chat_event:143] - CHAT_EVENT: {"event": "MESSAGE_SAVED", "user_id": 5153705295, "chat_code": "NU7YSO", "timestamp": "2025-07-08T15:47:56.697290", "details": {"sender_role": "customer", "message_type": "text", "message_length": 10, "has_file": false, "file_size": null}}
2025-07-08 15:47:56,697 - __main__ - INFO - [save_chat_message:315] - 💬 Message saved: customer → chat NU7YSO (text)
2025-07-08 15:47:57,308 - __main__ - INFO - [handle_message:1208] - 👍 reaction set successfully
2025-07-08 15:48:02,660 - chat_events - INFO - [log_chat_event:143] - CHAT_EVENT: {"event": "MESSAGE_SAVED", "user_id": 2031082040, "chat_code": "NU7YSO", "timestamp": "2025-07-08T15:48:02.660296", "details": {"sender_role": "executor", "message_type": "text", "message_length": 3, "has_file": false, "file_size": null}}
2025-07-08 15:48:02,660 - __main__ - INFO - [save_chat_message:315] - 💬 Message saved: executor → chat NU7YSO (text)
2025-07-08 15:48:03,184 - __main__ - INFO - [handle_message:1208] - 👍 reaction set successfully
2025-07-08 15:48:04,376 - chat_events - INFO - [log_chat_event:143] - CHAT_EVENT: {"event": "MESSAGE_SAVED", "user_id": 2031082040, "chat_code": "NU7YSO", "timestamp": "2025-07-08T15:48:04.375946", "details": {"sender_role": "executor", "message_type": "text", "message_length": 6, "has_file": false, "file_size": null}}
2025-07-08 15:48:04,377 - __main__ - INFO - [save_chat_message:315] - 💬 Message saved: executor → chat NU7YSO (text)
2025-07-08 15:48:04,907 - __main__ - INFO - [handle_message:1208] - 👍 reaction set successfully
2025-07-08 15:48:06,397 - utils.file_handler - INFO - [download_telegram_file:93] - File downloaded successfully: uploaded_files/chats/NU7YSO/0fa0c7c3_photo_AQADzPkxG79EUUt-.jpg
2025-07-08 15:48:06,477 - chat_events - INFO - [log_chat_event:143] - CHAT_EVENT: {"event": "MESSAGE_SAVED", "user_id": 5153705295, "chat_code": "NU7YSO", "timestamp": "2025-07-08T15:48:06.477678", "details": {"sender_role": "customer", "message_type": "text", "message_length": 39, "has_file": false, "file_size": null}}
2025-07-08 15:48:06,478 - __main__ - INFO - [save_chat_message:315] - 💬 Message saved: customer → chat NU7YSO (text)
2025-07-08 15:48:15,117 - chat_events - INFO - [log_chat_event:143] - CHAT_EVENT: {"event": "MESSAGE_SAVED", "user_id": 5153705295, "chat_code": "NU7YSO", "timestamp": "2025-07-08T15:48:15.117304", "details": {"sender_role": "customer", "message_type": "text", "message_length": 4, "has_file": false, "file_size": null}}
2025-07-08 15:48:15,117 - __main__ - INFO - [save_chat_message:315] - 💬 Message saved: customer → chat NU7YSO (text)
2025-07-08 15:48:15,895 - __main__ - INFO - [handle_message:1208] - 👍 reaction set successfully
2025-07-08 15:48:25,407 - __main__ - ERROR - [handle_callback:1678] - Error viewing files: name 'path' is not defined
2025-07-08 15:50:15,737 - __main__ - INFO - [<module>:42] - ✅ Chat bot logger initialized
2025-07-08 15:50:15,739 - __main__ - INFO - [<module>:48] - ✅ File handler imported successfully
2025-07-08 15:50:15,822 - __main__ - INFO - [init_message_mappings_table:1447] - Message mappings, reads and sessions tables initialized
2025-07-08 15:50:15,822 - __main__ - INFO - [restore_sessions_on_startup:2492] - Restored session for user 2031082040 in chat NU7YSO
2025-07-08 15:50:15,823 - __main__ - INFO - [restore_sessions_on_startup:2492] - Restored session for user 5153705295 in chat NU7YSO
2025-07-08 15:50:15,823 - __main__ - INFO - [restore_sessions_on_startup:2492] - Restored session for user 7177916785 in chat L618ZD
2025-07-08 15:50:15,823 - __main__ - INFO - [restore_sessions_on_startup:2495] - Restored 3 user sessions
2025-07-08 15:50:15,823 - __main__ - INFO - [main:2545] - @fezerstop (ID: 5857065034, username: fezerstop) set as highest level admin (Level 5)
2025-07-08 15:50:15,839 - __main__ - INFO - [main:2587] - 🚀 Rozdum Chat Bot starting...
2025-07-08 15:50:15,840 - chat_events - INFO - [log_chat_event:143] - CHAT_EVENT: {"event": "BOT_STARTUP", "user_id": 0, "chat_code": null, "timestamp": "2025-07-08T15:50:15.839983", "details": {"restored_sessions": 3, "active_chats": 2, "startup_time": "2025-07-08T15:50:15.839972"}}
2025-07-08 15:56:51,812 - chat_events - INFO - [log_chat_event:143] - CHAT_EVENT: {"event": "SESSION_SAVED", "user_id": 5153705295, "chat_code": "ZZ3IHB", "timestamp": "2025-07-08T15:56:51.812781", "details": {"action": "session_created", "success": true}}
2025-07-08 15:56:51,815 - __main__ - INFO - [save_user_session:246] - ✅ Session saved: user 5153705295 → chat ZZ3IHB
2025-07-08 15:56:51,815 - chat_events - INFO - [log_chat_event:143] - CHAT_EVENT: {"event": "CHAT_INITIALIZED", "user_id": 5153705295, "chat_code": "ZZ3IHB", "timestamp": "2025-07-08T15:56:51.815910", "details": {"task_id": 3, "customer_id": 5153705295, "executor_id": 1815761307, "user_role": "customer"}}
2025-07-08 15:56:51,816 - chat_events - INFO - [log_chat_event:143] - CHAT_EVENT: {"event": "USER_JOINED_CHAT", "user_id": 5153705295, "chat_code": "ZZ3IHB", "timestamp": "2025-07-08T15:56:51.816070", "details": {"user_role": "customer", "participants_count": 1}}
